<?xml version="1.0" encoding="UTF-8"?>
<coverage generated="1596610492">
  <project timestamp="1596610492">
    <file name="C:\xampp\htdocs\mycode2\main/App.php">
      <class name="App" namespace="global">
        <metrics complexity="5" methods="3" coveredmethods="1" conditionals="0" coveredconditionals="0" statements="17" coveredstatements="12" elements="20" coveredelements="13"/>
      </class>
      <line num="6" type="method" name="getUser" visibility="public" complexity="2" crap="2.26" count="1"/>
      <line num="7" type="stmt" count="1"/>
      <line num="8" type="stmt" count="0"/>
      <line num="9" type="stmt" count="0"/>
      <line num="10" type="stmt" count="0"/>
      <line num="11" type="stmt" count="0"/>
      <line num="13" type="stmt" count="1"/>
      <line num="14" type="stmt" count="1"/>
      <line num="15" type="stmt" count="1"/>
      <line num="16" type="stmt" count="1"/>
      <line num="19" type="stmt" count="1"/>
      <line num="20" type="method" name="setUser" visibility="public" complexity="1" crap="1" count="1"/>
      <line num="21" type="stmt" count="1"/>
      <line num="22" type="stmt" count="1"/>
      <line num="23" type="stmt" count="1"/>
      <line num="24" type="stmt" count="1"/>
      <line num="26" type="method" name="ageTest" visibility="public" complexity="2" crap="2.15" count="1"/>
      <line num="27" type="stmt" count="1"/>
      <line num="28" type="stmt" count="0"/>
      <line num="30" type="stmt" count="1"/>
      <metrics loc="32" ncloc="32" classes="1" methods="3" coveredmethods="1" conditionals="0" coveredconditionals="0" statements="17" coveredstatements="12" elements="20" coveredelements="13"/>
    </file>
    <metrics files="1" loc="32" ncloc="32" classes="1" methods="3" coveredmethods="1" conditionals="0" coveredconditionals="0" statements="17" coveredstatements="12" elements="20" coveredelements="13"/>
  </project>
</coverage>
